                          QUERY PLAN                           
---------------------------------------------------------------
 [                                                            +
   {                                                          +
     "Plan": {                                                +
       "Node Type": "Hash Join",                              +
       "Parallel Aware": false,                               +
       "Join Type": "Inner",                                  +
       "Startup Cost": 69153.44,                              +
       "Total Cost": 685052.19,                               +
       "Plan Rows": 13170350,                                 +
       "Plan Width": 46,                                      +
       "Hash Cond": "(authored.author_id = person.person_id)",+
       "Plans": [                                             +
         {                                                    +
           "Node Type": "Seq Scan",                           +
           "Parent Relationship": "Outer",                    +
           "Parallel Aware": false,                           +
           "Relation Name": "authored",                       +
           "Alias": "authored",                               +
           "Startup Cost": 0.00,                              +
           "Total Cost": 226578.50,                           +
           "Plan Rows": 13170350,                             +
           "Plan Width": 27                                   +
         },                                                   +
         {                                                    +
           "Node Type": "Hash",                               +
           "Parent Relationship": "Inner",                    +
           "Parallel Aware": false,                           +
           "Startup Cost": 32491.64,                          +
           "Total Cost": 32491.64,                            +
           "Plan Rows": 1996864,                              +
           "Plan Width": 19,                                  +
           "Plans": [                                         +
             {                                                +
               "Node Type": "Seq Scan",                       +
               "Parent Relationship": "Outer",                +
               "Parallel Aware": false,                       +
               "Relation Name": "person",                     +
               "Alias": "person",                             +
               "Startup Cost": 0.00,                          +
               "Total Cost": 32491.64,                        +
               "Plan Rows": 1996864,                          +
               "Plan Width": 19                               +
             }                                                +
           ]                                                  +
         }                                                    +
       ]                                                      +
     }                                                        +
   }                                                          +
 ]
(1 row)

