[
  {
    "Plan": {
      "Startup Cost": 1676112.53,
      "Plans": [
        {
          "Partial Mode": "Simple",
          "Startup Cost": 1676112.1,
          "Plans": [
            {
              "Startup Cost": 1676112.1,
              "Plans": [
                {
                  "Startup Cost": 1676112.1,
                  "Plans": [
                    {
                      "Startup Cost": 403084.85,
                      "Plans": [
                        {
                          "Startup Cost": 0,
                          "Node Type": "Seq Scan",
                          "Plan Rows": 13170350,
                          "Relation Name": "authored",
                          "Alias": "authored",
                          "Parallel Aware": false,
                          "Parent Relationship": "Outer",
                          "Plan Width": 27,
                          "Total Cost": 365480.5
                        },
                        {
                          "Startup Cost": 365382.98,
                          "Plans": [
                            {
                              "Filter": "((year)::double precision >= (date_part('year'::text, (('now'::cstring)::date)::timestamp without time zone) - '29'::double precision))",
                              "Startup Cost": 0,
                              "Node Type": "Seq Scan",
                              "Plan Rows": 1949830,
                              "Relation Name": "publication",
                              "Alias": "publication",
                              "Parallel Aware": false,
                              "Parent Relationship": "Outer",
                              "Plan Width": 25,
                              "Total Cost": 365382.98
                            }
                          ],
                          "Node Type": "Hash",
                          "Plan Rows": 1949830,
                          "Parallel Aware": false,
                          "Parent Relationship": "Inner",
                          "Plan Width": 25,
                          "Total Cost": 365382.98
                        }
                      ],
                      "Node Type": "Hash Join",
                      "Plan Rows": 4390117,
                      "Join Type": "Right",
                      "Parallel Aware": false,
                      "Hash Cond": "((authored.publication_key)::text = (publication.key)::text)",
                      "Parent Relationship": "Outer",
                      "Plan Width": 8,
                      "Total Cost": 1071711.27
                    }
                  ],
                  "Sort Key": [
                    "authored.author_id",
                    "publication.year"
                  ],
                  "Node Type": "Sort",
                  "Plan Rows": 4390117,
                  "Parallel Aware": false,
                  "Parent Relationship": "Outer",
                  "Plan Width": 8,
                  "Total Cost": 1687087.39
                }
              ],
              "Node Type": "Unique",
              "Plan Rows": 4390117,
              "Parallel Aware": false,
              "Parent Relationship": "Outer",
              "Plan Width": 8,
              "Total Cost": 1709037.98
            }
          ],
          "Node Type": "Aggregate",
          "Strategy": "Sorted",
          "Filter": "(count(*) >= 30)",
          "Plan Rows": 200,
          "Parallel Aware": false,
          "Group Key": [
            "authored.author_id"
          ],
          "Parent Relationship": "Outer",
          "Plan Width": 12,
          "Total Cost": 1774891.73
        },
        {
          "Filter": "(split_part((name)::text, ' '::text, array_length(regexp_split_to_array((name)::text, ' '::text), 1)) ~~ 'H%'::text)",
          "Startup Cost": 0.43,
          "Scan Direction": "Forward",
          "Plan Width": 19,
          "Node Type": "Index Scan",
          "Index Cond": "(person_id = authored.author_id)",
          "Plan Rows": 1,
          "Relation Name": "person",
          "Alias": "person",
          "Parallel Aware": false,
          "Parent Relationship": "Inner",
          "Total Cost": 8.38,
          "Index Name": "person_pkey"
        }
      ],
      "Node Type": "Nested Loop",
      "Plan Rows": 1,
      "Join Type": "Inner",
      "Parallel Aware": false,
      "Plan Width": 15,
      "Total Cost": 1776570.73
    }
  }
]