                                            QUERY PLAN                                            
--------------------------------------------------------------------------------------------------
 [                                                                                               +
   {                                                                                             +
     "Plan": {                                                                                   +
       "Node Type": "Hash Join",                                                                 +
       "Parallel Aware": false,                                                                  +
       "Join Type": "Inner",                                                                     +
       "Startup Cost": 627593.04,                                                                +
       "Total Cost": 685311.41,                                                                  +
       "Plan Rows": 412420,                                                                      +
       "Plan Width": 15,                                                                         +
       "Inner Unique": true,                                                                     +
       "Hash Cond": "(author_sigmod.author_id = author_pvldb.author_id)",                        +
       "Plans": [                                                                                +
         {                                                                                       +
           "Node Type": "Hash Join",                                                             +
           "Parent Relationship": "Outer",                                                       +
           "Parallel Aware": false,                                                              +
           "Join Type": "Inner",                                                                 +
           "Startup Cost": 303580.35,                                                            +
           "Total Cost": 361282.39,                                                              +
           "Plan Rows": 1298,                                                                    +
           "Plan Width": 23,                                                                     +
           "Inner Unique": true,                                                                 +
           "Hash Cond": "(person.person_id = author_sigmod.author_id)",                          +
           "Plans": [                                                                            +
             {                                                                                   +
               "Node Type": "Seq Scan",                                                          +
               "Parent Relationship": "Outer",                                                   +
               "Parallel Aware": false,                                                          +
               "Relation Name": "person",                                                        +
               "Alias": "person",                                                                +
               "Startup Cost": 0.00,                                                             +
               "Total Cost": 32491.64,                                                           +
               "Plan Rows": 1996864,                                                             +
               "Plan Width": 19                                                                  +
             },                                                                                  +
             {                                                                                   +
               "Node Type": "Hash",                                                              +
               "Parent Relationship": "Inner",                                                   +
               "Parallel Aware": false,                                                          +
               "Startup Cost": 303564.13,                                                        +
               "Total Cost": 303564.13,                                                          +
               "Plan Rows": 1298,                                                                +
               "Plan Width": 4,                                                                  +
               "Plans": [                                                                        +
                 {                                                                               +
                   "Node Type": "Subquery Scan",                                                 +
                   "Parent Relationship": "Outer",                                               +
                   "Parallel Aware": false,                                                      +
                   "Alias": "author_sigmod",                                                     +
                   "Startup Cost": 303397.37,                                                    +
                   "Total Cost": 303564.13,                                                      +
                   "Plan Rows": 1298,                                                            +
                   "Plan Width": 4,                                                              +
                   "Plans": [                                                                    +
                     {                                                                           +
                       "Node Type": "Aggregate",                                                 +
                       "Strategy": "Sorted",                                                     +
                       "Partial Mode": "Finalize",                                               +
                       "Parent Relationship": "Subquery",                                        +
                       "Parallel Aware": false,                                                  +
                       "Startup Cost": 303397.37,                                                +
                       "Total Cost": 303551.15,                                                  +
                       "Plan Rows": 1298,                                                        +
                       "Plan Width": 44,                                                         +
                       "Group Key": ["authored.author_id"],                                      +
                       "Filter": "(count(authored.publication_key) > 10)",                       +
                       "Plans": [                                                                +
                         {                                                                       +
                           "Node Type": "Gather Merge",                                          +
                           "Parent Relationship": "Outer",                                       +
                           "Parallel Aware": false,                                              +
                           "Startup Cost": 303397.37,                                            +
                           "Total Cost": 303532.72,                                              +
                           "Plan Rows": 1090,                                                    +
                           "Plan Width": 12,                                                     +
                           "Workers Planned": 2,                                                 +
                           "Plans": [                                                            +
                             {                                                                   +
                               "Node Type": "Aggregate",                                         +
                               "Strategy": "Sorted",                                             +
                               "Partial Mode": "Partial",                                        +
                               "Parent Relationship": "Outer",                                   +
                               "Parallel Aware": false,                                          +
                               "Startup Cost": 302397.34,                                        +
                               "Total Cost": 302406.88,                                          +
                               "Plan Rows": 545,                                                 +
                               "Plan Width": 12,                                                 +
                               "Group Key": ["authored.author_id"],                              +
                               "Plans": [                                                        +
                                 {                                                               +
                                   "Node Type": "Sort",                                          +
                                   "Parent Relationship": "Outer",                               +
                                   "Parallel Aware": false,                                      +
                                   "Startup Cost": 302397.34,                                    +
                                   "Total Cost": 302398.71,                                      +
                                   "Plan Rows": 545,                                             +
                                   "Plan Width": 27,                                             +
                                   "Sort Key": ["authored.author_id"],                           +
                                   "Plans": [                                                    +
                                     {                                                           +
                                       "Node Type": "Seq Scan",                                  +
                                       "Parent Relationship": "Outer",                           +
                                       "Parallel Aware": true,                                   +
                                       "Relation Name": "authored",                              +
                                       "Alias": "authored",                                      +
                                       "Startup Cost": 0.00,                                     +
                                       "Total Cost": 302372.57,                                  +
                                       "Plan Rows": 545,                                         +
                                       "Plan Width": 27,                                         +
                                       "Filter": "((publication_key)::text ~~ '%/sigmod%'::text)"+
                                     }                                                           +
                                   ]                                                             +
                                 }                                                               +
                               ]                                                                 +
                             }                                                                   +
                           ]                                                                     +
                         }                                                                       +
                       ]                                                                         +
                     }                                                                           +
                   ]                                                                             +
                 }                                                                               +
               ]                                                                                 +
             }                                                                                   +
           ]                                                                                     +
         },                                                                                      +
         {                                                                                       +
           "Node Type": "Hash",                                                                  +
           "Parent Relationship": "Inner",                                                       +
           "Parallel Aware": false,                                                              +
           "Startup Cost": 323218.35,                                                            +
           "Total Cost": 323218.35,                                                              +
           "Plan Rows": 63547,                                                                   +
           "Plan Width": 4,                                                                      +
           "Plans": [                                                                            +
             {                                                                                   +
               "Node Type": "Subquery Scan",                                                     +
               "Parent Relationship": "Outer",                                                   +
               "Parallel Aware": false,                                                          +
               "Alias": "author_pvldb",                                                          +
               "Startup Cost": 307711.83,                                                        +
               "Total Cost": 323218.35,                                                          +
               "Plan Rows": 63547,                                                               +
               "Plan Width": 4,                                                                  +
               "Plans": [                                                                        +
                 {                                                                               +
                   "Node Type": "Aggregate",                                                     +
                   "Strategy": "Sorted",                                                         +
                   "Partial Mode": "Finalize",                                                   +
                   "Parent Relationship": "Subquery",                                            +
                   "Parallel Aware": false,                                                      +
                   "Startup Cost": 307711.83,                                                    +
                   "Total Cost": 322582.88,                                                      +
                   "Plan Rows": 63547,                                                           +
                   "Plan Width": 44,                                                             +
                   "Group Key": ["authored_1.author_id"],                                        +
                   "Filter": "(count(authored_1.publication_key) > 10)",                         +
                   "Plans": [                                                                    +
                     {                                                                           +
                       "Node Type": "Gather Merge",                                              +
                       "Parent Relationship": "Outer",                                           +
                       "Parallel Aware": false,                                                  +
                       "Startup Cost": 307711.83,                                                +
                       "Total Cost": 321396.39,                                                  +
                       "Plan Rows": 110204,                                                      +
                       "Plan Width": 12,                                                         +
                       "Workers Planned": 2,                                                     +
                       "Plans": [                                                                +
                         {                                                                       +
                           "Node Type": "Aggregate",                                             +
                           "Strategy": "Sorted",                                                 +
                           "Partial Mode": "Partial",                                            +
                           "Parent Relationship": "Outer",                                       +
                           "Parallel Aware": false,                                              +
                           "Startup Cost": 306711.81,                                            +
                           "Total Cost": 307676.09,                                              +
                           "Plan Rows": 55102,                                                   +
                           "Plan Width": 12,                                                     +
                           "Group Key": ["authored_1.author_id"],                                +
                           "Plans": [                                                            +
                             {                                                                   +
                               "Node Type": "Sort",                                              +
                               "Parent Relationship": "Outer",                                   +
                               "Parallel Aware": false,                                          +
                               "Startup Cost": 306711.81,                                        +
                               "Total Cost": 306849.56,                                          +
                               "Plan Rows": 55102,                                               +
                               "Plan Width": 27,                                                 +
                               "Sort Key": ["authored_1.author_id"],                             +
                               "Plans": [                                                        +
                                 {                                                               +
                                   "Node Type": "Seq Scan",                                      +
                                   "Parent Relationship": "Outer",                               +
                                   "Parallel Aware": true,                                       +
                                   "Relation Name": "authored",                                  +
                                   "Alias": "authored_1",                                        +
                                   "Startup Cost": 0.00,                                         +
                                   "Total Cost": 302372.57,                                      +
                                   "Plan Rows": 55102,                                           +
                                   "Plan Width": 27,                                             +
                                   "Filter": "((publication_key)::text ~~ '%pvldb%'::text)"      +
                                 }                                                               +
                               ]                                                                 +
                             }                                                                   +
                           ]                                                                     +
                         }                                                                       +
                       ]                                                                         +
                     }                                                                           +
                   ]                                                                             +
                 }                                                                               +
               ]                                                                                 +
             }                                                                                   +
           ]                                                                                     +
         }                                                                                       +
       ]                                                                                         +
     }                                                                                           +
   }                                                                                             +
 ]
(1 row)
