[
  {
    "Plan": {
      "Startup Cost": 409543.48,
      "Plans": [
        {
          "Partial Mode": "Simple",
          "Startup Cost": 409543.05,
          "Plans": [
            {
              "Startup Cost": 409543.05,
              "Plans": [
                {
                  "Startup Cost": 0.56,
                  "Plans": [
                    {
                      "Filter": "((publication_key)::text ~~ 'conf/staf/%'::text)",
                      "Startup Cost": 0,
                      "Node Type": "Seq Scan",
                      "Plan Rows": 1309,
                      "Relation Name": "authored",
                      "Alias": "authored",
                      "Parallel Aware": false,
                      "Parent Relationship": "Outer",
                      "Plan Width": 27,
                      "Total Cost": 398406.38
                    },
                    {
                      "Filter": "(year = 2015)",
                      "Startup Cost": 0.56,
                      "Scan Direction": "Forward",
                      "Plan Width": 21,
                      "Node Type": "Index Scan",
                      "Index Cond": "((key)::text = (authored.publication_key)::text)",
                      "Plan Rows": 1,
                      "Relation Name": "publication",
                      "Alias": "publication",
                      "Parallel Aware": false,
                      "Parent Relationship": "Inner",
                      "Total Cost": 8.5,
                      "Index Name": "publication_pkey"
                    }
                  ],
                  "Node Type": "Nested Loop",
                  "Plan Rows": 108,
                  "Join Type": "Semi",
                  "Parallel Aware": false,
                  "Parent Relationship": "Outer",
                  "Plan Width": 4,
                  "Total Cost": 409539.4
                }
              ],
              "Sort Key": [
                "authored.author_id"
              ],
              "Node Type": "Sort",
              "Plan Rows": 108,
              "Parallel Aware": false,
              "Parent Relationship": "Outer",
              "Plan Width": 4,
              "Total Cost": 409543.32
            }
          ],
          "Node Type": "Aggregate",
          "Strategy": "Sorted",
          "Filter": "(count(*) >= 2)",
          "Plan Rows": 108,
          "Parallel Aware": false,
          "Group Key": [
            "authored.author_id"
          ],
          "Parent Relationship": "Outer",
          "Plan Width": 4,
          "Total Cost": 409544.94
        },
        {
          "Startup Cost": 0.43,
          "Scan Direction": "Forward",
          "Plan Width": 19,
          "Node Type": "Index Scan",
          "Index Cond": "(person_id = authored.author_id)",
          "Plan Rows": 1,
          "Relation Name": "person",
          "Alias": "person",
          "Parallel Aware": false,
          "Parent Relationship": "Inner",
          "Total Cost": 8.41,
          "Index Name": "person_pkey"
        }
      ],
      "Node Type": "Nested Loop",
      "Plan Rows": 108,
      "Join Type": "Inner",
      "Parallel Aware": false,
      "Plan Width": 15,
      "Total Cost": 410455.16
    }
  }
]