[
  {
    "Plan": {
      "Startup Cost": 11910.93,
      "Plans": [
        {
          "Partial Mode": "Simple",
          "Startup Cost": 11910.5,
          "Plans": [
            {
              "Startup Cost": 0,
              "Node Type": "Seq Scan",
              "Plan Rows": 520700,
              "Relation Name": "author_type",
              "Alias": "author_type",
              "Parallel Aware": false,
              "Parent Relationship": "Outer",
              "Plan Width": 4,
              "Total Cost": 9307
            }
          ],
          "Node Type": "Aggregate",
          "Strategy": "Hashed",
          "Filter": "(count(*) >= 3)",
          "Plan Rows": 200,
          "Parallel Aware": false,
          "Group Key": [
            "author_type.author_id"
          ],
          "Parent Relationship": "Outer",
          "Plan Width": 12,
          "Total Cost": 11912.5
        },
        {
          "Startup Cost": 0.43,
          "Scan Direction": "Forward",
          "Plan Width": 19,
          "Node Type": "Index Scan",
          "Index Cond": "(person_id = author_type.author_id)",
          "Plan Rows": 1,
          "Relation Name": "person",
          "Alias": "person",
          "Parallel Aware": false,
          "Parent Relationship": "Inner",
          "Total Cost": 8.37,
          "Index Name": "person_pkey"
        }
      ],
      "Node Type": "Nested Loop",
      "Plan Rows": 200,
      "Join Type": "Left",
      "Parallel Aware": false,
      "Plan Width": 15,
      "Total Cost": 13589.5
    }
  }
]