[
  {
    "Plan": {
      "Startup Cost": 796984.46,
      "Plans": [
        {
          "Startup Cost": 796984.04,
          "Plans": [
            {
              "Partial Mode": "Simple",
              "Startup Cost": 398474.14,
              "Plans": [
                {
                  "Startup Cost": 398474.14,
                  "Plans": [
                    {
                      "Filter": "((publication_key)::text ~~ '%pvldb%'::text)",
                      "Startup Cost": 0,
                      "Node Type": "Seq Scan",
                      "Plan Rows": 1309,
                      "Relation Name": "authored",
                      "Alias": "authored",
                      "Parallel Aware": false,
                      "Parent Relationship": "Outer",
                      "Plan Width": 27,
                      "Total Cost": 398406.38
                    }
                  ],
                  "Sort Key": [
                    "authored.author_id"
                  ],
                  "Node Type": "Sort",
                  "Plan Rows": 1309,
                  "Parallel Aware": false,
                  "Parent Relationship": "Outer",
                  "Plan Width": 27,
                  "Total Cost": 398477.42
                }
              ],
              "Node Type": "Aggregate",
              "Strategy": "Sorted",
              "Filter": "(count(authored.publication_key) > 15)",
              "Plan Rows": 1298,
              "Parallel Aware": false,
              "Group Key": [
                "authored.author_id"
              ],
              "Parent Relationship": "Subquery",
              "Plan Width": 44,
              "Total Cost": 398496.94
            },
            {
              "Startup Cost": 398474.14,
              "Plans": [
                {
                  "Partial Mode": "Simple",
                  "Startup Cost": 398474.14,
                  "Plans": [
                    {
                      "Startup Cost": 398474.14,
                      "Plans": [
                        {
                          "Filter": "((publication_key)::text ~~ '%/kdd/%'::text)",
                          "Startup Cost": 0,
                          "Node Type": "Seq Scan",
                          "Plan Rows": 1309,
                          "Relation Name": "authored",
                          "Alias": "authored_1",
                          "Parallel Aware": false,
                          "Parent Relationship": "Outer",
                          "Plan Width": 4,
                          "Total Cost": 398406.38
                        }
                      ],
                      "Sort Key": [
                        "authored_1.author_id"
                      ],
                      "Node Type": "Sort",
                      "Plan Rows": 1309,
                      "Parallel Aware": false,
                      "Parent Relationship": "Outer",
                      "Plan Width": 4,
                      "Total Cost": 398477.42
                    }
                  ],
                  "Node Type": "Aggregate",
                  "Strategy": "Sorted",
                  "Plan Rows": 1298,
                  "Parallel Aware": false,
                  "Group Key": [
                    "authored_1.author_id"
                  ],
                  "Parent Relationship": "Subquery",
                  "Plan Width": 44,
                  "Total Cost": 398493.67
                }
              ],
              "Node Type": "Subquery Scan",
              "Plan Rows": 1298,
              "Alias": "author_kdd",
              "Parallel Aware": false,
              "Parent Relationship": "SubPlan",
              "Plan Width": 4,
              "Subplan Name": "SubPlan 1",
              "Total Cost": 398506.65
            }
          ],
          "Node Type": "Subquery Scan",
          "Plan Rows": 649,
          "Filter": "(NOT (hashed SubPlan 1))",
          "Alias": "author_pvldb",
          "Parallel Aware": false,
          "Parent Relationship": "Outer",
          "Plan Width": 4,
          "Total Cost": 797023.06
        },
        {
          "Startup Cost": 0.43,
          "Scan Direction": "Forward",
          "Plan Width": 19,
          "Node Type": "Index Scan",
          "Index Cond": "(person_id = author_pvldb.author_id)",
          "Plan Rows": 1,
          "Relation Name": "person",
          "Alias": "person",
          "Parallel Aware": false,
          "Parent Relationship": "Inner",
          "Total Cost": 8.12,
          "Index Name": "person_pkey"
        }
      ],
      "Node Type": "Nested Loop",
      "Plan Rows": 649,
      "Join Type": "Inner",
      "Parallel Aware": false,
      "Plan Width": 15,
      "Total Cost": 802302.35
    }
  }
]