[
  {
    "Plan": {
      "Startup Cost": 2840199.68,
      "Plans": [
        {
          "Partial Mode": "Simple",
          "Startup Cost": 2840199.26,
          "Plans": [
            {
              "Startup Cost": 0.67,
              "Plans": [
                {
                  "Startup Cost": 0.43,
                  "Plans": [
                    {
                      "Startup Cost": 0.43,
                      "Scan Direction": "Forward",
                      "Plan Width": 4,
                      "Node Type": "Index Only Scan",
                      "Index Cond": "(year IS NOT NULL)",
                      "Plan Rows": 3889716,
                      "Relation Name": "publication",
                      "Alias": "publication_1",
                      "Parallel Aware": false,
                      "Parent Relationship": "Outer",
                      "Total Cost": 928773.03,
                      "Index Name": "index_query_6a"
                    }
                  ],
                  "Node Type": "Limit",
                  "Plan Rows": 1,
                  "Parallel Aware": false,
                  "Parent Relationship": "InitPlan",
                  "Plan Width": 4,
                  "Subplan Name": "InitPlan 1 (returns $0)",
                  "Total Cost": 0.67
                }
              ],
              "Node Type": "Result",
              "Plan Rows": 1,
              "Parallel Aware": false,
              "Parent Relationship": "InitPlan",
              "Plan Width": 4,
              "Subplan Name": "InitPlan 2 (returns $1)",
              "Total Cost": 0.68
            },
            {
              "Startup Cost": 2840198.57,
              "Plans": [
                {
                  "Startup Cost": 557143.14,
                  "Plans": [
                    {
                      "Startup Cost": 129858.68,
                      "Plans": [
                        {
                          "Startup Cost": 0,
                          "Node Type": "Seq Scan",
                          "Plan Rows": 13170350,
                          "Relation Name": "authored",
                          "Alias": "authored_1",
                          "Parallel Aware": false,
                          "Parent Relationship": "Outer",
                          "Plan Width": 27,
                          "Total Cost": 365480.5
                        },
                        {
                          "Startup Cost": 129132.99,
                          "Plans": [
                            {
                              "Startup Cost": 1090.36,
                              "Plans": [
                                {
                                  "Startup Cost": 0,
                                  "Plan Width": 0,
                                  "Node Type": "Bitmap Index Scan",
                                  "Index Cond": "(year = $1)",
                                  "Plan Rows": 58055,
                                  "Parallel Aware": false,
                                  "Parent Relationship": "Outer",
                                  "Total Cost": 1075.84,
                                  "Index Name": "index_query_6a"
                                }
                              ],
                              "Node Type": "Bitmap Heap Scan",
                              "Plan Rows": 58055,
                              "Relation Name": "publication",
                              "Alias": "publication",
                              "Parallel Aware": false,
                              "Recheck Cond": "(year = $1)",
                              "Parent Relationship": "Outer",
                              "Plan Width": 21,
                              "Total Cost": 129132.99
                            }
                          ],
                          "Node Type": "Hash",
                          "Plan Rows": 58055,
                          "Parallel Aware": false,
                          "Parent Relationship": "Inner",
                          "Plan Width": 21,
                          "Total Cost": 129132.99
                        }
                      ],
                      "Node Type": "Hash Join",
                      "Plan Rows": 130713,
                      "Join Type": "Right",
                      "Parallel Aware": false,
                      "Hash Cond": "((authored_1.publication_key)::text = (publication.key)::text)",
                      "Parent Relationship": "Outer",
                      "Plan Width": 4,
                      "Total Cost": 546035.12
                    }
                  ],
                  "Sort Key": [
                    "authored_1.author_id"
                  ],
                  "Node Type": "Sort",
                  "Plan Rows": 130713,
                  "Parallel Aware": false,
                  "Parent Relationship": "Outer",
                  "Plan Width": 4,
                  "Total Cost": 557469.92
                },
                {
                  "Startup Cost": 2283055.43,
                  "Plans": [
                    {
                      "Startup Cost": 2283055.43,
                      "Plans": [
                        {
                          "Startup Cost": 0,
                          "Node Type": "Seq Scan",
                          "Plan Rows": 13170350,
                          "Relation Name": "authored",
                          "Alias": "authored",
                          "Parallel Aware": false,
                          "Parent Relationship": "Outer",
                          "Plan Width": 4,
                          "Total Cost": 365480.5
                        }
                      ],
                      "Sort Key": [
                        "authored.author_id"
                      ],
                      "Node Type": "Sort",
                      "Plan Rows": 13170350,
                      "Parallel Aware": false,
                      "Parent Relationship": "Outer",
                      "Plan Width": 4,
                      "Total Cost": 2315981.31
                    }
                  ],
                  "Node Type": "Materialize",
                  "Plan Rows": 13170350,
                  "Parallel Aware": false,
                  "Parent Relationship": "Inner",
                  "Plan Width": 4,
                  "Total Cost": 2348907.18
                }
              ],
              "Node Type": "Merge Join",
              "Plan Rows": 28214646,
              "Join Type": "Left",
              "Parallel Aware": false,
              "Parent Relationship": "Outer",
              "Plan Width": 4,
              "Merge Cond": "(authored_1.author_id = authored.author_id)",
              "Total Cost": 3296997.7
            }
          ],
          "Node Type": "Aggregate",
          "Strategy": "Sorted",
          "Plan Rows": 77288,
          "Parallel Aware": false,
          "Group Key": [
            "authored_1.author_id"
          ],
          "Parent Relationship": "Outer",
          "Plan Width": 12,
          "Total Cost": 3438844.5
        },
        {
          "Startup Cost": 0.43,
          "Scan Direction": "Forward",
          "Plan Width": 19,
          "Node Type": "Index Scan",
          "Plan Rows": 1996864,
          "Relation Name": "person",
          "Alias": "person",
          "Parallel Aware": false,
          "Parent Relationship": "Inner",
          "Total Cost": 64387.39,
          "Index Name": "person_pkey"
        }
      ],
      "Node Type": "Merge Join",
      "Plan Rows": 77288,
      "Join Type": "Left",
      "Parallel Aware": false,
      "Plan Width": 23,
      "Merge Cond": "(authored_1.author_id = person.person_id)",
      "Total Cost": 3509963.02
    }
  }
]