[
  {
    "Plan": {
      "Partial Mode": "Simple",
      "Startup Cost": 606464.33,
      "Plans": [
        {
          "Startup Cost": 606464.33,
          "Plans": [
            {
              "Startup Cost": 321511.83,
              "Plans": [
                {
                  "Startup Cost": 0,
                  "Node Type": "Seq Scan",
                  "Plan Rows": 5849490,
                  "Relation Name": "publication",
                  "Alias": "publication",
                  "Parallel Aware": false,
                  "Parent Relationship": "Outer",
                  "Plan Width": 16,
                  "Total Cost": 263016.9
                },
                {
                  "Startup Cost": 321511.8,
                  "Plans": [
                    {
                      "Filter": "(((key)::text ~~ 'conf/%'::text) AND ((type)::text = 'proceedings'::text) AND (((title)::text ~~ '%June%'::text) OR ((month)::text ~~ '%June%'::text)))",
                      "Startup Cost": 0,
                      "Node Type": "Seq Scan",
                      "Plan Rows": 2,
                      "Relation Name": "publication",
                      "Alias": "publication_1",
                      "Parallel Aware": false,
                      "Parent Relationship": "Outer",
                      "Plan Width": 73,
                      "Total Cost": 321511.8
                    }
                  ],
                  "Node Type": "Hash",
                  "Plan Rows": 2,
                  "Parallel Aware": false,
                  "Parent Relationship": "Inner",
                  "Plan Width": 73,
                  "Total Cost": 321511.8
                }
              ],
              "Node Type": "Hash Join",
              "Plan Rows": 1,
              "Join Type": "Inner",
              "Parallel Aware": false,
              "Hash Cond": "((publication.crossref)::text = (publication_1.key)::text)",
              "Parent Relationship": "Outer",
              "Plan Width": 52,
              "Total Cost": 606464.32
            }
          ],
          "Sort Key": [
            "publication_1.title"
          ],
          "Node Type": "Sort",
          "Plan Rows": 1,
          "Parallel Aware": false,
          "Parent Relationship": "Outer",
          "Plan Width": 52,
          "Total Cost": 606464.34
        }
      ],
      "Node Type": "Aggregate",
      "Strategy": "Sorted",
      "Filter": "(count(*) > 100)",
      "Plan Rows": 1,
      "Parallel Aware": false,
      "Group Key": [
        "publication_1.title"
      ],
      "Plan Width": 60,
      "Total Cost": 606464.35
    }
  }
]