[
    {
      "Plan": {
        "Startup Cost": 320898,
        "Plans": [
          {
            "Startup Cost": 320898,
            "Plans": [
              {
                "Startup Cost": 0.43,
                "Plans": [
                  {
                    "Index Cond": "(person.person_id < 100)",
                    "Startup Cost": 0.43,
                    "Scan Direction": "Forward",
                    "Plan Width": 4,
                    "Node Type": "Index Only Scan",
                    "Total Cost": 10.14,
                    "Plan Rows": 98,
                    "Relation Name": "person",
                    "Alias": "person",
                    "Parallel Aware": false,
                    "Output": [
                      "person.person_id"
                    ],
                    "Parent Relationship": "Member",
                    "Schema": "public",
                    "Index Name": "person_pkey"
                  },
                  {
                    "Filter": "(person_1.person_id > 1000)",
                    "Startup Cost": 0,
                    "Plan Width": 4,
                    "Node Type": "Seq Scan",
                    "Plan Rows": 1995876,
                    "Relation Name": "person",
                    "Alias": "person_1",
                    "Parallel Aware": false,
                    "Output": [
                      "person_1.person_id"
                    ],
                    "Parent Relationship": "Member",
                    "Total Cost": 37483.8,
                    "Schema": "public"
                  }
                ],
                "Node Type": "Append",
                "Plan Rows": 1995974,
                "Parallel Aware": false,
                "Parent Relationship": "Outer",
                "Plan Width": 4,
                "Total Cost": 57453.68
              }
            ],
            "Sort Key": [
              "person.person_id"
            ],
            "Node Type": "Sort",
            "Plan Rows": 1995974,
            "Parallel Aware": false,
            "Output": [
              "person.person_id"
            ],
            "Parent Relationship": "Outer",
            "Plan Width": 4,
            "Total Cost": 325887.94
          }
        ],
        "Node Type": "Unique",
        "Plan Rows": 1995974,
        "Parallel Aware": false,
        "Output": [
          "person.person_id"
        ],
        "Plan Width": 4,
        "Total Cost": 330877.87
      }
    }
  ]